<?xml version="1.0" encoding="UTF-8"?>
<testng-results ignored="0" total="0" passed="0" failed="0" skipped="0">
  <reporter-output>
  </reporter-output>
  <suite started-at="2023-01-29T10:41:35 PST" name="Command line suite" finished-at="2023-01-29T10:41:35 PST" duration-ms="11">
    <groups>
    </groups>
    <test started-at="2023-01-29T10:41:35 PST" name="Command line test" finished-at="2023-01-29T10:41:35 PST" duration-ms="11">
    </test> <!-- Command line test -->
  </suite> <!-- Command line suite -->
</testng-results>
